<?xml version="1.0" encoding="UTF-8"?>
<!-- Generated by org.testng.reporters.JUnitReportReporter -->
<testsuite hostname="BIA1MJRIG1" name="com.test.logging.maven_baseline.LoginTest" tests="1" failures="0" timestamp="12 Dec 2016 08:45:58 GMT" time="48.781" errors="0">
  <testcase name="init" time="48.781" classname="com.test.logging.maven_baseline.LoginTest"/>
</testsuite> <!-- com.test.logging.maven_baseline.LoginTest -->
